<?xml version="1.0" encoding="UTF-8"?>
<testsuite xmlns:xsi="http://www.w3.org/2001/XMLSchema-instance" xsi:schemaLocation="https://maven.apache.org/surefire/maven-surefire-plugin/xsd/surefire-test-report.xsd" name="com.mycompany.mavenproject1.NodoLaboratorioTest" time="0.011" tests="5" errors="5" skipped="0" failures="0">
  <properties>
    <property name="java.runtime.name" value="Java(TM) SE Runtime Environment"/>
    <property name="java.vm.version" value="14.0.2+12-46"/>
    <property name="sun.boot.library.path" value="/usr/lib/jvm/jdk-14.0.2/lib"/>
    <property name="maven.multiModuleProjectDirectory" value="/home/tu3/Escritorio/mavenproject1"/>
    <property name="java.vm.vendor" value="Oracle Corporation"/>
    <property name="java.vendor.url" value="https://java.oracle.com/"/>
    <property name="guice.disable.misplaced.annotation.check" value="true"/>
    <property name="path.separator" value=":"/>
    <property name="java.vm.name" value="Java HotSpot(TM) 64-Bit Server VM"/>
    <property name="user.country" value="GT"/>
    <property name="sun.java.launcher" value="SUN_STANDARD"/>
    <property name="java.vm.specification.name" value="Java Virtual Machine Specification"/>
    <property name="user.dir" value="/home/tu3/Escritorio/mavenproject1"/>
    <property name="java.vm.compressedOopsMode" value="Zero based"/>
    <property name="java.runtime.version" value="14.0.2+12-46"/>
    <property name="os.arch" value="amd64"/>
    <property name="java.io.tmpdir" value="/tmp"/>
    <property name="line.separator" value="&#10;"/>
    <property name="java.vm.specification.vendor" value="Oracle Corporation"/>
    <property name="os.name" value="Linux"/>
    <property name="net.sourceforge.cobertura.datafile" value="/home/tu3/Escritorio/mavenproject1/target/cobertura/cobertura.ser"/>
    <property name="maven.ext.class.path" value="/snap/netbeans/35/netbeans/java/maven-nblib/netbeans-eventspy.jar"/>
    <property name="classworlds.conf" value="/snap/netbeans/35/netbeans/java/maven/bin/m2.conf"/>
    <property name="sun.jnu.encoding" value="UTF-8"/>
    <property name="java.library.path" value="/usr/java/packages/lib:/usr/lib64:/lib64:/lib:/usr/lib"/>
    <property name="maven.conf" value="/snap/netbeans/35/netbeans/java/maven/conf"/>
    <property name="jdk.debug" value="release"/>
    <property name="java.class.version" value="58.0"/>
    <property name="java.specification.name" value="Java Platform API Specification"/>
    <property name="sun.management.compiler" value="HotSpot 64-Bit Tiered Compilers"/>
    <property name="cobertura.report.format" value="xml"/>
    <property name="skipTests" value="false"/>
    <property name="os.version" value="5.7.1-050701-generic"/>
    <property name="library.jansi.path" value="/snap/netbeans/35/netbeans/java/maven/lib/jansi-native"/>
    <property name="user.home" value="/home/tu3"/>
    <property name="user.timezone" value="America/Guatemala"/>
    <property name="file.encoding" value="UTF-8"/>
    <property name="java.specification.version" value="14"/>
    <property name="user.name" value="tu3"/>
    <property name="java.class.path" value="/snap/netbeans/35/netbeans/java/maven/boot/plexus-classworlds-2.6.0.jar"/>
    <property name="java.vm.specification.version" value="14"/>
    <property name="sun.arch.data.model" value="64"/>
    <property name="sun.java.command" value="org.codehaus.plexus.classworlds.launcher.Launcher -DskipTests=false -Dcobertura.report.format=xml -Dmaven.ext.class.path=/snap/netbeans/35/netbeans/java/maven-nblib/netbeans-eventspy.jar cobertura:clean cobertura:cobertura"/>
    <property name="java.home" value="/usr/lib/jvm/jdk-14.0.2"/>
    <property name="user.language" value="es"/>
    <property name="java.specification.vendor" value="Oracle Corporation"/>
    <property name="java.vm.info" value="mixed mode, sharing"/>
    <property name="java.version" value="14.0.2"/>
    <property name="securerandom.source" value="file:/dev/./urandom"/>
    <property name="java.vendor" value="Oracle Corporation"/>
    <property name="maven.home" value="/snap/netbeans/35/netbeans/java/maven"/>
    <property name="file.separator" value="/"/>
    <property name="java.version.date" value="2020-07-14"/>
    <property name="java.vendor.url.bug" value="https://bugreport.java.com/bugreport/"/>
    <property name="sun.io.unicode.encoding" value="UnicodeLittle"/>
    <property name="sun.cpu.endian" value="little"/>
    <property name="project.build.outputDirectory" value="/home/tu3/Escritorio/mavenproject1/target/generated-classes/cobertura"/>
  </properties>
  <testcase name="NodoEstudiante_testmockSetEdadEstudiante" classname="com.mycompany.mavenproject1.NodoLaboratorioTest" time="0.005">
    <error message="Expecting a stackmap frame at branch target 44&#10;Exception Details:&#10;  Location:&#10;    com/mycompany/mavenproject1/NodoLaboratorio.setCapacidadSalon(Lcom/mycompany/mavenproject1/NodoSalon;)V @26: ifeq&#10;  Reason:&#10;    Expected stackmap frame at this location.&#10;  Bytecode:&#10;    0000000: 033d 11ff ff3e 1212 1100 33b8 0018 2bb6&#10;    0000010: 0032 1100 333d 1100 003e 9900 1212 121c&#10;    0000020: 1d04 b800 3611 ffff 3ea7 0025 1d9b 000f&#10;    0000030: 1212 1c1d 03b8 0036 11ff ff3e 1212 1100&#10;    0000040: 37b8 0018 bb00 3859 123a b700 3dbf 1212&#10;    0000050: 1100 39b8 0018 b1                      &#10;  Stackmap Table:&#10;    same_frame_extended(@68)&#10;    same_frame(@86)&#10;" type="java.lang.VerifyError">java.lang.VerifyError: 
Expecting a stackmap frame at branch target 44
Exception Details:
  Location:
    com/mycompany/mavenproject1/NodoLaboratorio.setCapacidadSalon(Lcom/mycompany/mavenproject1/NodoSalon;)V @26: ifeq
  Reason:
    Expected stackmap frame at this location.
  Bytecode:
    0000000: 033d 11ff ff3e 1212 1100 33b8 0018 2bb6
    0000010: 0032 1100 333d 1100 003e 9900 1212 121c
    0000020: 1d04 b800 3611 ffff 3ea7 0025 1d9b 000f
    0000030: 1212 1c1d 03b8 0036 11ff ff3e 1212 1100
    0000040: 37b8 0018 bb00 3859 123a b700 3dbf 1212
    0000050: 1100 39b8 0018 b1                      
  Stackmap Table:
    same_frame_extended(@68)
    same_frame(@86)

	at com.mycompany.mavenproject1.NodoLaboratorioTest.setUp(NodoLaboratorioTest.java:53)
</error>
  </testcase>
  <testcase name="NodoCurso_testmockSetCapacidadCurso" classname="com.mycompany.mavenproject1.NodoLaboratorioTest" time="0">
    <error message="Expecting a stackmap frame at branch target 44&#10;Exception Details:&#10;  Location:&#10;    com/mycompany/mavenproject1/NodoLaboratorio.setCapacidadSalon(Lcom/mycompany/mavenproject1/NodoSalon;)V @26: ifeq&#10;  Reason:&#10;    Expected stackmap frame at this location.&#10;  Bytecode:&#10;    0000000: 033d 11ff ff3e 1212 1100 33b8 0018 2bb6&#10;    0000010: 0032 1100 333d 1100 003e 9900 1212 121c&#10;    0000020: 1d04 b800 3611 ffff 3ea7 0025 1d9b 000f&#10;    0000030: 1212 1c1d 03b8 0036 11ff ff3e 1212 1100&#10;    0000040: 37b8 0018 bb00 3859 123a b700 3dbf 1212&#10;    0000050: 1100 39b8 0018 b1                      &#10;  Stackmap Table:&#10;    same_frame_extended(@68)&#10;    same_frame(@86)&#10;" type="java.lang.VerifyError">java.lang.VerifyError: 
Expecting a stackmap frame at branch target 44
Exception Details:
  Location:
    com/mycompany/mavenproject1/NodoLaboratorio.setCapacidadSalon(Lcom/mycompany/mavenproject1/NodoSalon;)V @26: ifeq
  Reason:
    Expected stackmap frame at this location.
  Bytecode:
    0000000: 033d 11ff ff3e 1212 1100 33b8 0018 2bb6
    0000010: 0032 1100 333d 1100 003e 9900 1212 121c
    0000020: 1d04 b800 3611 ffff 3ea7 0025 1d9b 000f
    0000030: 1212 1c1d 03b8 0036 11ff ff3e 1212 1100
    0000040: 37b8 0018 bb00 3859 123a b700 3dbf 1212
    0000050: 1100 39b8 0018 b1                      
  Stackmap Table:
    same_frame_extended(@68)
    same_frame(@86)

	at com.mycompany.mavenproject1.NodoLaboratorioTest.setUp(NodoLaboratorioTest.java:53)
</error>
  </testcase>
  <testcase name="NodoAuxiliar_testmockSetEdadAuxiliar" classname="com.mycompany.mavenproject1.NodoLaboratorioTest" time="0.001">
    <error message="Expecting a stackmap frame at branch target 44&#10;Exception Details:&#10;  Location:&#10;    com/mycompany/mavenproject1/NodoLaboratorio.setCapacidadSalon(Lcom/mycompany/mavenproject1/NodoSalon;)V @26: ifeq&#10;  Reason:&#10;    Expected stackmap frame at this location.&#10;  Bytecode:&#10;    0000000: 033d 11ff ff3e 1212 1100 33b8 0018 2bb6&#10;    0000010: 0032 1100 333d 1100 003e 9900 1212 121c&#10;    0000020: 1d04 b800 3611 ffff 3ea7 0025 1d9b 000f&#10;    0000030: 1212 1c1d 03b8 0036 11ff ff3e 1212 1100&#10;    0000040: 37b8 0018 bb00 3859 123a b700 3dbf 1212&#10;    0000050: 1100 39b8 0018 b1                      &#10;  Stackmap Table:&#10;    same_frame_extended(@68)&#10;    same_frame(@86)&#10;" type="java.lang.VerifyError">java.lang.VerifyError: 
Expecting a stackmap frame at branch target 44
Exception Details:
  Location:
    com/mycompany/mavenproject1/NodoLaboratorio.setCapacidadSalon(Lcom/mycompany/mavenproject1/NodoSalon;)V @26: ifeq
  Reason:
    Expected stackmap frame at this location.
  Bytecode:
    0000000: 033d 11ff ff3e 1212 1100 33b8 0018 2bb6
    0000010: 0032 1100 333d 1100 003e 9900 1212 121c
    0000020: 1d04 b800 3611 ffff 3ea7 0025 1d9b 000f
    0000030: 1212 1c1d 03b8 0036 11ff ff3e 1212 1100
    0000040: 37b8 0018 bb00 3859 123a b700 3dbf 1212
    0000050: 1100 39b8 0018 b1                      
  Stackmap Table:
    same_frame_extended(@68)
    same_frame(@86)

	at com.mycompany.mavenproject1.NodoLaboratorioTest.setUp(NodoLaboratorioTest.java:53)
</error>
  </testcase>
  <testcase name="NodoSalon_testmockSetCapacidadSalon" classname="com.mycompany.mavenproject1.NodoLaboratorioTest" time="0.001">
    <error message="Expecting a stackmap frame at branch target 44&#10;Exception Details:&#10;  Location:&#10;    com/mycompany/mavenproject1/NodoLaboratorio.setCapacidadSalon(Lcom/mycompany/mavenproject1/NodoSalon;)V @26: ifeq&#10;  Reason:&#10;    Expected stackmap frame at this location.&#10;  Bytecode:&#10;    0000000: 033d 11ff ff3e 1212 1100 33b8 0018 2bb6&#10;    0000010: 0032 1100 333d 1100 003e 9900 1212 121c&#10;    0000020: 1d04 b800 3611 ffff 3ea7 0025 1d9b 000f&#10;    0000030: 1212 1c1d 03b8 0036 11ff ff3e 1212 1100&#10;    0000040: 37b8 0018 bb00 3859 123a b700 3dbf 1212&#10;    0000050: 1100 39b8 0018 b1                      &#10;  Stackmap Table:&#10;    same_frame_extended(@68)&#10;    same_frame(@86)&#10;" type="java.lang.VerifyError">java.lang.VerifyError: 
Expecting a stackmap frame at branch target 44
Exception Details:
  Location:
    com/mycompany/mavenproject1/NodoLaboratorio.setCapacidadSalon(Lcom/mycompany/mavenproject1/NodoSalon;)V @26: ifeq
  Reason:
    Expected stackmap frame at this location.
  Bytecode:
    0000000: 033d 11ff ff3e 1212 1100 33b8 0018 2bb6
    0000010: 0032 1100 333d 1100 003e 9900 1212 121c
    0000020: 1d04 b800 3611 ffff 3ea7 0025 1d9b 000f
    0000030: 1212 1c1d 03b8 0036 11ff ff3e 1212 1100
    0000040: 37b8 0018 bb00 3859 123a b700 3dbf 1212
    0000050: 1100 39b8 0018 b1                      
  Stackmap Table:
    same_frame_extended(@68)
    same_frame(@86)

	at com.mycompany.mavenproject1.NodoLaboratorioTest.setUp(NodoLaboratorioTest.java:53)
</error>
  </testcase>
  <testcase name="NodoProfesor_testmockSetEdadProfesor" classname="com.mycompany.mavenproject1.NodoLaboratorioTest" time="0.001">
    <error message="Expecting a stackmap frame at branch target 44&#10;Exception Details:&#10;  Location:&#10;    com/mycompany/mavenproject1/NodoLaboratorio.setCapacidadSalon(Lcom/mycompany/mavenproject1/NodoSalon;)V @26: ifeq&#10;  Reason:&#10;    Expected stackmap frame at this location.&#10;  Bytecode:&#10;    0000000: 033d 11ff ff3e 1212 1100 33b8 0018 2bb6&#10;    0000010: 0032 1100 333d 1100 003e 9900 1212 121c&#10;    0000020: 1d04 b800 3611 ffff 3ea7 0025 1d9b 000f&#10;    0000030: 1212 1c1d 03b8 0036 11ff ff3e 1212 1100&#10;    0000040: 37b8 0018 bb00 3859 123a b700 3dbf 1212&#10;    0000050: 1100 39b8 0018 b1                      &#10;  Stackmap Table:&#10;    same_frame_extended(@68)&#10;    same_frame(@86)&#10;" type="java.lang.VerifyError">java.lang.VerifyError: 
Expecting a stackmap frame at branch target 44
Exception Details:
  Location:
    com/mycompany/mavenproject1/NodoLaboratorio.setCapacidadSalon(Lcom/mycompany/mavenproject1/NodoSalon;)V @26: ifeq
  Reason:
    Expected stackmap frame at this location.
  Bytecode:
    0000000: 033d 11ff ff3e 1212 1100 33b8 0018 2bb6
    0000010: 0032 1100 333d 1100 003e 9900 1212 121c
    0000020: 1d04 b800 3611 ffff 3ea7 0025 1d9b 000f
    0000030: 1212 1c1d 03b8 0036 11ff ff3e 1212 1100
    0000040: 37b8 0018 bb00 3859 123a b700 3dbf 1212
    0000050: 1100 39b8 0018 b1                      
  Stackmap Table:
    same_frame_extended(@68)
    same_frame(@86)

	at com.mycompany.mavenproject1.NodoLaboratorioTest.setUp(NodoLaboratorioTest.java:53)
</error>
  </testcase>
</testsuite>